<?xml version="1.0" encoding="UTF-8"?>
<!-- Generated by org.testng.reporters.JUnitReportReporter -->
<testsuite skipped="0" hostname="VIMAL" name="com.orangehrmlive.demo.AppTest" tests="1" failures="0" timestamp="05 Dec 2021 20:12:06 GMT" time="0.009" errors="0">
  <testcase name="shouldAnswerWithTrue" time="0.009" classname="com.orangehrmlive.demo.AppTest"/>
</testsuite> <!-- com.orangehrmlive.demo.AppTest -->
